[      23ms] [WARNING] Ignoring Event: localhost @ https://plausible.io/js/script.tagged-events.js:0
[     208ms] [ERROR] Failed to load resource: the server responded with a status of 404 () @ https://kovxoeovijedvxmulbke.supabase.co/rest/v1/tax_data?select=province%2Cdata:0
[     209ms] [WARNING] [TaxData] DB fetch error — using bundled JSON: Could not find the table 'public.tax_data' in the schema cache @ http://localhost:5173/src/contexts/TaxDataContext.jsx:56
[     254ms] [ERROR] Failed to load resource: the server responded with a status of 404 () @ https://kovxoeovijedvxmulbke.supabase.co/rest/v1/tax_data?select=province%2Cdata:0
[     259ms] [WARNING] [TaxData] DB fetch error — using bundled JSON: Could not find the table 'public.tax_data' in the schema cache @ http://localhost:5173/src/contexts/TaxDataContext.jsx:56
[   29483ms] [ERROR] Failed to load resource: the server responded with a status of 404 (Not Found) @ http://localhost:5173/src/utils/excel/index.js:0
[   41208ms] [ERROR] Failed to load resource: the server responded with a status of 404 (Not Found) @ http://localhost:5173/src/utils/excel/sheetProjection.js:0
[   67852ms] [ERROR] WebSocket connection to 'ws://localhost:5173/' failed: Error in connection establishment: net::ERR_CONNECTION_REFUSED @ http://localhost:5173/@vite/client:1034
[   68853ms] [ERROR] WebSocket connection to 'ws://localhost:5173/' failed: Error in connection establishment: net::ERR_CONNECTION_REFUSED @ http://localhost:5173/@vite/client:1034
[   69854ms] [ERROR] WebSocket connection to 'ws://localhost:5173/' failed: Error in connection establishment: net::ERR_CONNECTION_REFUSED @ http://localhost:5173/@vite/client:1034
[   70855ms] [ERROR] WebSocket connection to 'ws://localhost:5173/' failed: Error in connection establishment: net::ERR_CONNECTION_REFUSED @ http://localhost:5173/@vite/client:1034
[   71856ms] [ERROR] WebSocket connection to 'ws://localhost:5173/' failed: Error in connection establishment: net::ERR_CONNECTION_REFUSED @ http://localhost:5173/@vite/client:1034
[   72857ms] [ERROR] WebSocket connection to 'ws://localhost:5173/' failed: Error in connection establishment: net::ERR_CONNECTION_REFUSED @ http://localhost:5173/@vite/client:1034
[   73859ms] [ERROR] WebSocket connection to 'ws://localhost:5173/' failed: Error in connection establishment: net::ERR_CONNECTION_REFUSED @ http://localhost:5173/@vite/client:1034
[   74859ms] [ERROR] WebSocket connection to 'ws://localhost:5173/' failed: Error in connection establishment: net::ERR_CONNECTION_REFUSED @ http://localhost:5173/@vite/client:1034
[   75860ms] [ERROR] WebSocket connection to 'ws://localhost:5173/' failed: Error in connection establishment: net::ERR_CONNECTION_REFUSED @ http://localhost:5173/@vite/client:1034
[   76861ms] [ERROR] WebSocket connection to 'ws://localhost:5173/' failed: Error in connection establishment: net::ERR_CONNECTION_REFUSED @ http://localhost:5173/@vite/client:1034
[   77863ms] [ERROR] WebSocket connection to 'ws://localhost:5173/' failed: Error in connection establishment: net::ERR_CONNECTION_REFUSED @ http://localhost:5173/@vite/client:1034
[   78864ms] [ERROR] WebSocket connection to 'ws://localhost:5173/' failed: Error in connection establishment: net::ERR_CONNECTION_REFUSED @ http://localhost:5173/@vite/client:1034
[   79866ms] [ERROR] WebSocket connection to 'ws://localhost:5173/' failed: Error in connection establishment: net::ERR_CONNECTION_REFUSED @ http://localhost:5173/@vite/client:1034
[   80867ms] [ERROR] WebSocket connection to 'ws://localhost:5173/' failed: Error in connection establishment: net::ERR_CONNECTION_REFUSED @ http://localhost:5173/@vite/client:1034
[   81869ms] [ERROR] WebSocket connection to 'ws://localhost:5173/' failed: Error in connection establishment: net::ERR_CONNECTION_REFUSED @ http://localhost:5173/@vite/client:1034
[   82870ms] [ERROR] WebSocket connection to 'ws://localhost:5173/' failed: Error in connection establishment: net::ERR_CONNECTION_REFUSED @ http://localhost:5173/@vite/client:1034
[   83871ms] [ERROR] WebSocket connection to 'ws://localhost:5173/' failed: Error in connection establishment: net::ERR_CONNECTION_REFUSED @ http://localhost:5173/@vite/client:1034
[   84873ms] [ERROR] WebSocket connection to 'ws://localhost:5173/' failed: Error in connection establishment: net::ERR_CONNECTION_REFUSED @ http://localhost:5173/@vite/client:1034
[   85875ms] [ERROR] WebSocket connection to 'ws://localhost:5173/' failed: Error in connection establishment: net::ERR_CONNECTION_REFUSED @ http://localhost:5173/@vite/client:1034
[   86885ms] [ERROR] WebSocket connection to 'ws://localhost:5173/' failed: Error in connection establishment: net::ERR_CONNECTION_REFUSED @ http://localhost:5173/@vite/client:1034
[   87889ms] [ERROR] WebSocket connection to 'ws://localhost:5173/' failed: Error in connection establishment: net::ERR_CONNECTION_REFUSED @ http://localhost:5173/@vite/client:1034
[   88894ms] [ERROR] WebSocket connection to 'ws://localhost:5173/' failed: Error in connection establishment: net::ERR_CONNECTION_REFUSED @ http://localhost:5173/@vite/client:1034
[   90448ms] [WARNING] Ignoring Event: localhost @ https://plausible.io/js/script.tagged-events.js:0
[   91729ms] [ERROR] Failed to load resource: the server responded with a status of 404 () @ https://kovxoeovijedvxmulbke.supabase.co/rest/v1/tax_data?select=province%2Cdata:0
[   91734ms] [WARNING] [TaxData] DB fetch error — using bundled JSON: Could not find the table 'public.tax_data' in the schema cache @ http://localhost:5173/src/contexts/TaxDataContext.jsx:56
[   91750ms] [ERROR] Failed to load resource: the server responded with a status of 404 () @ https://kovxoeovijedvxmulbke.supabase.co/rest/v1/tax_data?select=province%2Cdata:0
[   91751ms] [WARNING] [TaxData] DB fetch error — using bundled JSON: Could not find the table 'public.tax_data' in the schema cache @ http://localhost:5173/src/contexts/TaxDataContext.jsx:56
