[ 2315949ms] [ERROR] Failed to load resource: the server responded with a status of 500 (Internal Server Error) @ http://localhost:5173/src/App.jsx?t=1772422060197:0
[ 2315949ms] [ERROR] [vite] Failed to reload /src/App.jsx. This could be due to syntax errors or importing non-existent modules. (see errors above) @ http://localhost:5173/@vite/client:881
[ 4733291ms] ReferenceError: Button is not defined
    at App (http://localhost:5173/src/App.jsx?t=1772424477414:386:34)
    at renderWithHooks (http://localhost:5173/node_modules/.vite/deps/chunk-SVG7M4VJ.js?v=b5c74df6:11594:26)
    at updateFunctionComponent (http://localhost:5173/node_modules/.vite/deps/chunk-SVG7M4VJ.js?v=b5c74df6:14628:28)
    at beginWork (http://localhost:5173/node_modules/.vite/deps/chunk-SVG7M4VJ.js?v=b5c74df6:15970:22)
    at HTMLUnknownElement.callCallback2 (http://localhost:5173/node_modules/.vite/deps/chunk-SVG7M4VJ.js?v=b5c74df6:3678:22)
    at Object.invokeGuardedCallbackDev (http://localhost:5173/node_modules/.vite/deps/chunk-SVG7M4VJ.js?v=b5c74df6:3703:24)
    at invokeGuardedCallback (http://localhost:5173/node_modules/.vite/deps/chunk-SVG7M4VJ.js?v=b5c74df6:3737:39)
    at beginWork$1 (http://localhost:5173/node_modules/.vite/deps/chunk-SVG7M4VJ.js?v=b5c74df6:19816:15)
    at performUnitOfWork (http://localhost:5173/node_modules/.vite/deps/chunk-SVG7M4VJ.js?v=b5c74df6:19249:20)
    at workLoopSync (http://localhost:5173/node_modules/.vite/deps/chunk-SVG7M4VJ.js?v=b5c74df6:19188:13)
[ 4733292ms] ReferenceError: Button is not defined
    at App (http://localhost:5173/src/App.jsx?t=1772424477414:386:34)
    at renderWithHooks (http://localhost:5173/node_modules/.vite/deps/chunk-SVG7M4VJ.js?v=b5c74df6:11594:26)
    at updateFunctionComponent (http://localhost:5173/node_modules/.vite/deps/chunk-SVG7M4VJ.js?v=b5c74df6:14628:28)
    at beginWork (http://localhost:5173/node_modules/.vite/deps/chunk-SVG7M4VJ.js?v=b5c74df6:15970:22)
    at HTMLUnknownElement.callCallback2 (http://localhost:5173/node_modules/.vite/deps/chunk-SVG7M4VJ.js?v=b5c74df6:3678:22)
    at Object.invokeGuardedCallbackDev (http://localhost:5173/node_modules/.vite/deps/chunk-SVG7M4VJ.js?v=b5c74df6:3703:24)
    at invokeGuardedCallback (http://localhost:5173/node_modules/.vite/deps/chunk-SVG7M4VJ.js?v=b5c74df6:3737:39)
    at beginWork$1 (http://localhost:5173/node_modules/.vite/deps/chunk-SVG7M4VJ.js?v=b5c74df6:19816:15)
    at performUnitOfWork (http://localhost:5173/node_modules/.vite/deps/chunk-SVG7M4VJ.js?v=b5c74df6:19249:20)
    at workLoopSync (http://localhost:5173/node_modules/.vite/deps/chunk-SVG7M4VJ.js?v=b5c74df6:19188:13)
[ 4733293ms] [ERROR] The above error occurred in the <App> component:

    at App (http://localhost:5173/src/App.jsx?t=1772424477414:59:29)

Consider adding an error boundary to your tree to customize error handling behavior.
Visit https://reactjs.org/link/error-boundaries to learn more about error boundaries. @ http://localhost:5173/node_modules/.vite/deps/chunk-SVG7M4VJ.js?v=b5c74df6:14077
[ 4733294ms] ReferenceError: Button is not defined
    at App (http://localhost:5173/src/App.jsx?t=1772424477414:386:34)
    at renderWithHooks (http://localhost:5173/node_modules/.vite/deps/chunk-SVG7M4VJ.js?v=b5c74df6:11594:26)
    at updateFunctionComponent (http://localhost:5173/node_modules/.vite/deps/chunk-SVG7M4VJ.js?v=b5c74df6:14628:28)
    at beginWork (http://localhost:5173/node_modules/.vite/deps/chunk-SVG7M4VJ.js?v=b5c74df6:15970:22)
    at beginWork$1 (http://localhost:5173/node_modules/.vite/deps/chunk-SVG7M4VJ.js?v=b5c74df6:19804:22)
    at performUnitOfWork (http://localhost:5173/node_modules/.vite/deps/chunk-SVG7M4VJ.js?v=b5c74df6:19249:20)
    at workLoopSync (http://localhost:5173/node_modules/.vite/deps/chunk-SVG7M4VJ.js?v=b5c74df6:19188:13)
    at renderRootSync (http://localhost:5173/node_modules/.vite/deps/chunk-SVG7M4VJ.js?v=b5c74df6:19167:15)
    at recoverFromConcurrentError (http://localhost:5173/node_modules/.vite/deps/chunk-SVG7M4VJ.js?v=b5c74df6:18784:28)
    at performSyncWorkOnRoot (http://localhost:5173/node_modules/.vite/deps/chunk-SVG7M4VJ.js?v=b5c74df6:18930:28)
