[     338ms] [WARNING] Ignoring Event: localhost @ https://plausible.io/js/script.tagged-events.js:0
[     453ms] ReferenceError: Cannot access 'pickerAction' before initialization
    at App (http://localhost:5173/src/App.jsx?t=1772512683342:296:7)
    at renderWithHooks (http://localhost:5173/node_modules/.vite/deps/chunk-NXESFFTV.js?v=3fbde363:11596:26)
    at mountIndeterminateComponent (http://localhost:5173/node_modules/.vite/deps/chunk-NXESFFTV.js?v=3fbde363:14974:21)
    at beginWork (http://localhost:5173/node_modules/.vite/deps/chunk-NXESFFTV.js?v=3fbde363:15962:22)
    at HTMLUnknownElement.callCallback2 (http://localhost:5173/node_modules/.vite/deps/chunk-NXESFFTV.js?v=3fbde363:3680:22)
    at Object.invokeGuardedCallbackDev (http://localhost:5173/node_modules/.vite/deps/chunk-NXESFFTV.js?v=3fbde363:3705:24)
    at invokeGuardedCallback (http://localhost:5173/node_modules/.vite/deps/chunk-NXESFFTV.js?v=3fbde363:3739:39)
    at beginWork$1 (http://localhost:5173/node_modules/.vite/deps/chunk-NXESFFTV.js?v=3fbde363:19818:15)
    at performUnitOfWork (http://localhost:5173/node_modules/.vite/deps/chunk-NXESFFTV.js?v=3fbde363:19251:20)
    at workLoopSync (http://localhost:5173/node_modules/.vite/deps/chunk-NXESFFTV.js?v=3fbde363:19190:13)
[     454ms] ReferenceError: Cannot access 'pickerAction' before initialization
    at App (http://localhost:5173/src/App.jsx?t=1772512683342:296:7)
    at renderWithHooks (http://localhost:5173/node_modules/.vite/deps/chunk-NXESFFTV.js?v=3fbde363:11596:26)
    at mountIndeterminateComponent (http://localhost:5173/node_modules/.vite/deps/chunk-NXESFFTV.js?v=3fbde363:14974:21)
    at beginWork (http://localhost:5173/node_modules/.vite/deps/chunk-NXESFFTV.js?v=3fbde363:15962:22)
    at HTMLUnknownElement.callCallback2 (http://localhost:5173/node_modules/.vite/deps/chunk-NXESFFTV.js?v=3fbde363:3680:22)
    at Object.invokeGuardedCallbackDev (http://localhost:5173/node_modules/.vite/deps/chunk-NXESFFTV.js?v=3fbde363:3705:24)
    at invokeGuardedCallback (http://localhost:5173/node_modules/.vite/deps/chunk-NXESFFTV.js?v=3fbde363:3739:39)
    at beginWork$1 (http://localhost:5173/node_modules/.vite/deps/chunk-NXESFFTV.js?v=3fbde363:19818:15)
    at performUnitOfWork (http://localhost:5173/node_modules/.vite/deps/chunk-NXESFFTV.js?v=3fbde363:19251:20)
    at workLoopSync (http://localhost:5173/node_modules/.vite/deps/chunk-NXESFFTV.js?v=3fbde363:19190:13)
[     454ms] [ERROR] The above error occurred in the <App> component:

    at App (http://localhost:5173/src/App.jsx?t=1772512683342:138:63)
    at SubscriptionProvider (http://localhost:5173/src/contexts/SubscriptionContext.jsx?t=1772511216087:23:40)
    at TaxDataProvider (http://localhost:5173/src/contexts/TaxDataContext.jsx:51:35)
    at AuthProvider (http://localhost:5173/src/contexts/AuthContext.jsx?t=1772508084593:21:32)
    at ErrorBoundary (http://localhost:5173/node_modules/.vite/deps/@sentry_react.js?v=3fbde363:29617:5)

React will try to recreate this component tree from scratch using the error boundary you provided, ErrorBoundary. @ http://localhost:5173/node_modules/.vite/deps/chunk-NXESFFTV.js?v=3fbde363:14079
[     486ms] [ERROR] Failed to load resource: the server responded with a status of 404 (Not Found) @ http://localhost:5173/favicon.ico:0
[   30400ms] [ERROR] Failed to load resource: the server responded with a status of 500 (Internal Server Error) @ http://localhost:5173/src/App.jsx?t=1772512829791:0
[   30402ms] [ERROR] [vite] Failed to reload /src/App.jsx. This could be due to syntax errors or importing non-existent modules. (see errors above) @ http://localhost:5173/@vite/client:881
